<?xml version="1.0" encoding="UTF-8"?>
<!-- Generated by org.testng.reporters.JUnitReportReporter -->
<testsuite hostname="DESKTOP-UN8PUB6" failures="0" tests="1" name="MODULE_TEST_01.TEST_01" time="27.626" errors="0" timestamp="2023-01-01T23:45:07 IST" skipped="0">
  <testcase classname="MODULE_TEST_01.TEST_01" name="TC_02" time="27.626"/>
  <system-out/>
</testsuite> <!-- MODULE_TEST_01.TEST_01 -->
